\BOOKMARK [0][-]{chapter.1}{\376\377\0001\000.\000\040\000M\000o\000t\000i\000v\000a\000t\000i\000o\000n\000:}{}% 1
\BOOKMARK [0][-]{chapter.2}{\376\377\0002\000.\000\040\000O\000v\000e\000r\000v\000i\000e\000w\000:}{}% 2
\BOOKMARK [0][-]{chapter.3}{\376\377\0003\000.\000\040\000A\000r\000c\000h\000i\000t\000e\000c\000t\000u\000r\000e\000:}{}% 3
\BOOKMARK [1][-]{section.3.1}{\376\377\000F\000r\000o\000n\000t\000e\000n\000d}{chapter.3}% 4
\BOOKMARK [1][-]{section.3.2}{\376\377\000D\000a\000t\000a\000b\000a\000s\000e}{chapter.3}% 5
\BOOKMARK [0][-]{chapter.4}{\376\377\0004\000.\000\040\000T\000e\000c\000h\000n\000i\000c\000a\000l\000\040\000D\000e\000t\000a\000i\000l\000s\000:}{}% 6
\BOOKMARK [0][-]{chapter.5}{\376\377\0005\000.\000\040\000K\000e\000y\000\040\000F\000e\000a\000t\000u\000r\000e\000s\000:}{}% 7
\BOOKMARK [1][-]{section.5.1}{\376\377\000E\000n\000t\000e\000r\000i\000n\000g\000\040\000D\000a\000t\000a\000\040\000/\000\040\000D\000a\000t\000a\000\040\000T\000y\000p\000e\000s}{chapter.5}% 8
\BOOKMARK [2][-]{subsection.5.1.1}{\376\377\000D\000a\000t\000a\000\040\000T\000y\000p\000e\000s\000\040\000a\000n\000d\000\040\000d\000e\000f\000i\000n\000i\000t\000i\000o\000n\000\040\000o\000f\000\040\000s\000c\000h\000e\000m\000e\000s}{section.5.1}% 9
\BOOKMARK [1][-]{section.5.2}{\376\377\000S\000c\000h\000e\000m\000e\000\040\000d\000e\000f\000i\000n\000i\000t\000i\000o\000n}{chapter.5}% 10
\BOOKMARK [1][-]{section.5.3}{\376\377\000E\000n\000t\000e\000r\000i\000n\000g\000\040\000d\000a\000t\000a\000\040\000u\000s\000i\000n\000g\000\040\000a\000\040\000s\000c\000h\000e\000m\000e}{chapter.5}% 11
\BOOKMARK [1][-]{section.5.4}{\376\377\000C\000o\000n\000c\000e\000p\000t\000s}{chapter.5}% 12
\BOOKMARK [2][-]{subsection.5.4.1}{\376\377\000O\000v\000e\000r\000v\000i\000e\000w}{section.5.4}% 13
\BOOKMARK [2][-]{subsection.5.4.2}{\376\377\000M\000a\000n\000a\000g\000i\000n\000g\000\040\000C\000o\000n\000c\000e\000p\000t\000s}{section.5.4}% 14
\BOOKMARK [2][-]{subsection.5.4.3}{\376\377\000R\000e\000l\000a\000t\000e\000d\000\040\000C\000o\000n\000c\000e\000p\000t\000s}{section.5.4}% 15
\BOOKMARK [1][-]{section.5.5}{\376\377\000E\000x\000p\000o\000r\000t\000\040\000a\000n\000d\000\040\000I\000m\000p\000o\000r\000t\000\040\000o\000f\000\040\000D\000a\000t\000a}{chapter.5}% 16
\BOOKMARK [0][-]{chapter.6}{\376\377\0006\000.\000\040\000S\000e\000c\000u\000r\000i\000t\000y\000\040\000a\000n\000d\000\040\000C\000o\000m\000p\000l\000i\000a\000n\000c\000e\000:}{}% 17
\BOOKMARK [0][-]{chapter.7}{\376\377\0007\000.\000\040\000I\000n\000t\000e\000g\000r\000a\000t\000i\000o\000n\000\040\000\046\000\040\000E\000x\000t\000e\000n\000s\000i\000b\000i\000l\000i\000t\000y\000:}{}% 18
<<<<<<< HEAD
\BOOKMARK [1][-]{section.7.1}{\376\377\000I\000n\000t\000e\000g\000r\000a\000t\000i\000o\000n\000\040\000d\000e\000r\000\040\000S\000Q\000L\000i\000t\000e\000\040\000D\000B\000\040\000i\000n\000\040\000K\000N\000I\000M\000E}{chapter.7}% 19
\BOOKMARK [1][-]{section.7.2}{\376\377\000I\000m\000p\000l\000e\000m\000e\000n\000t\000i\000n\000g\000\040\000G\000o\000o\000d\000\040\000R\000D\000M\000\040\000P\000r\000a\000c\000t\000i\000c\000e\000s\000\040\000w\000i\000t\000h\000\040\000t\000h\000i\000s\000\040\000d\000a\000t\000a\000b\000a\000s\000e\000\040\000s\000o\000l\000u\000t\000i\000o\000n}{chapter.7}% 20
=======
\BOOKMARK [1][-]{section.7.1}{\376\377\000H\000L\0007\000-\000C\000D\000A\000\040\000J\000S\000O\000N\000\040\000d\000e\000t\000a\000i\000l\000s}{chapter.7}% 19
\BOOKMARK [1][-]{section.7.2}{\376\377\000I\000n\000t\000e\000g\000r\000a\000t\000i\000o\000n\000\040\000d\000e\000r\000\040\000S\000Q\000L\000i\000t\000e\000\040\000D\000B\000\040\000i\000n\000\040\000K\000N\000I\000M\000E}{chapter.7}% 20
>>>>>>> 42d0ee6 (hi)
\BOOKMARK [0][-]{chapter.8}{\376\377\0008\000.\000\040\000T\000e\000s\000t\000i\000n\000g\000\040\000\046\000\040\000V\000a\000l\000i\000d\000a\000t\000i\000o\000n\000:}{}% 21
\BOOKMARK [0][-]{chapter.9}{\376\377\0009\000.\000\040\000C\000o\000n\000c\000l\000u\000s\000i\000o\000n\000\040\000\046\000\040\000F\000u\000t\000u\000r\000e\000\040\000W\000o\000r\000k\000:}{}% 22
\BOOKMARK [0][-]{chapter.10}{\376\377\0001\0000\000.\000\040\000A\000c\000k\000n\000o\000w\000l\000e\000d\000g\000e\000m\000e\000n\000t\000s\000:}{}% 23
\BOOKMARK [0][-]{chapter.11}{\376\377\0001\0001\000.\000\040\000A\000p\000p\000e\000n\000d\000i\000x\000:}{}% 24
